{"content": {"suites": {"0": {"status": {"total_pass": 0, "total_skip": 0, "total_xpass": 0, "total_xfail": 0, "total_rerun": 0, "total_fail": 3, "total_error": 0}, "tests": {"0": {"status": "FAIL", "message": "   KeyError: 'data'\n", "test_name": "test_check_not_me_post", "rerun": "0"}, "1": {"status": "FAIL", "message": "   AssertionError: \u041d\u043e\u0432\u044b\u0439 \u043f\u043e\u0441\u0442 \u043d\u0435 \u0441\u043e\u0437\u0434\u0430\u043d\n   assert '<Response [401]>' == '<Response [200]>'\n     - <Response [200]>\n     ?            ^ ^\n     + <Response [401]>\n     ?            ^ ^\n", "test_name": "test_create_post", "rerun": "0"}, "2": {"status": "FAIL", "message": "   KeyError: 'data'\n", "test_name": "test_check_description", "rerun": "0"}}, "suite_name": "test_api.py"}, "1": {"suite_name": "test_ui.py", "tests": {"0": {"status": "PASS", "message": "", "test_name": "test_step1", "rerun": "0"}, "1": {"status": "PASS", "message": "", "test_name": "test_step2", "rerun": "0"}, "2": {"status": "FAIL", "message": "   AssertionError: Test FAILED!\n   assert 'Create Post' == 'Test1'\n     - Test1\n     + Create Post\n", "test_name": "test_step3", "rerun": "0"}, "3": {"status": "FAIL", "message": "   selenium.common.exceptions.NoAlertPresentException: Message: no such alert\n     (Session info: chrome=118.0.5993.118)\n   Stacktrace:\n   \tGetHandleVerifier [0x00B74DE3+43907]\n   \t(No symbol) [0x00B00741]\n   \t(No symbol) [0x009F32B0]\n   \t(No symbol) [0x009EAF08]\n   \t(No symbol) [0x00A0B584]\n   \t(No symbol) [0x00A42BD4]\n   \t(No symbol) [0x00A0B491]\n   \t(No symbol) [0x00A42956]\n   \t(No symbol) [0x00A1E17E]\n   \t(No symbol) [0x00A1F32D]\n   \tGetHandleVerifier [0x00E25AF9+2865305]\n   \tGetHandleVerifier [0x00E6E78B+3163435]\n   \tGetHandleVerifier [0x00E68441+3138017]\n   \tGetHandleVerifier [0x00BFE0F0+605840]\n   \t(No symbol) [0x00B0A64C]\n   \t(No symbol) [0x00B06638]\n   \t(No symbol) [0x00B0675F]\n   \t(No symbol) [0x00AF8DB7]\n   \tBaseThreadInitThunk [0x756762C4+36]\n   \tRtlSubscribeWnfStateChangeNotification [0x77951CA9+1081]\n   \tRtlSubscribeWnfStateChangeNotification [0x77951C74+1028]\n", "test_name": "test_step4", "rerun": "0"}}, "status": {"total_pass": 2, "total_skip": 0, "total_xpass": 0, "total_xfail": 0, "total_rerun": 0, "total_fail": 2, "total_error": 0}}}}, "date": "November 02, 2023", "start_time": 1698903998.9981315, "total_suite": 2, "status": "FAIL", "status_list": {"pass": "2", "fail": "5", "skip": "0", "error": "0", "xpass": "0", "xfail": "0", "rerun": "0"}, "total_tests": "7"}